app/build/intermediates/manifest_merge_blame_file/debug/processDebugMainManifest/manifest-merger-blame-debug-report.txt
1<?xml version="1.0" encoding="utf-8"?>
2<manifest xmlns:android="http://schemas.android.com/apk/res/android"
3    package="com.example.locationtracker"
4    android:versionCode="1"
5    android:versionName="1.0" >
6
7    <uses-sdk
8        android:minSdkVersion="23"
9        android:targetSdkVersion="35" />
10
11    <uses-permission android:name="android.permission.INTERNET" />
11-->src\main\AndroidManifest.xml:5:5-67
11-->src\main\AndroidManifest.xml:5:22-64
12    <uses-permission android:name="android.permission.ACCESS_NETWORK_STATE" />
12-->src\main\AndroidManifest.xml:6:5-79
12-->src\main\AndroidManifest.xml:6:22-76
13    <uses-permission android:name="android.permission.ACCESS_BACKGROUND_LOCATION" />
13-->src\main\AndroidManifest.xml:7:5-85
13-->src\main\AndroidManifest.xml:7:22-82
14    <uses-permission android:name="android.permission.ACCESS_FINE_LOCATION" />
14-->src\main\AndroidManifest.xml:8:5-79
14-->src\main\AndroidManifest.xml:8:22-76
15    <uses-permission android:name="android.permission.ACCESS_COARSE_LOCATION" />
15-->src\main\AndroidManifest.xml:9:5-81
15-->src\main\AndroidManifest.xml:9:22-78
16    <uses-permission android:name="android.permission.REQUEST_IGNORE_BATTERY_OPTIMIZATIONS" />
16-->src\main\AndroidManifest.xml:10:5-95
16-->src\main\AndroidManifest.xml:10:22-92
17    <uses-permission android:name="android.permission.ACTIVITY_RECOGNITION" />
17-->src\main\AndroidManifest.xml:11:5-79
17-->src\main\AndroidManifest.xml:11:22-76
18    <uses-permission android:name="com.google.android.providers.gsf.permission.READ_GSERVICES" />
18-->[com.google.android.recaptcha:recaptcha:18.5.1] AndroidManifest.xml:9:5-98
18-->[com.google.android.recaptcha:recaptcha:18.5.1] AndroidManifest.xml:9:22-95
19    <uses-permission android:name="android.permission.WAKE_LOCK" />
19-->[com.google.android.gms:play-services-measurement-api:22.1.2] AndroidManifest.xml:24:5-68
19-->[com.google.android.gms:play-services-measurement-api:22.1.2] AndroidManifest.xml:24:22-65
20    <uses-permission android:name="com.google.android.gms.permission.AD_ID" />
20-->[com.google.android.gms:play-services-measurement-api:22.1.2] AndroidManifest.xml:25:5-79
20-->[com.google.android.gms:play-services-measurement-api:22.1.2] AndroidManifest.xml:25:22-76
21    <uses-permission android:name="android.permission.ACCESS_ADSERVICES_ATTRIBUTION" />
21-->[com.google.android.gms:play-services-measurement-api:22.1.2] AndroidManifest.xml:26:5-88
21-->[com.google.android.gms:play-services-measurement-api:22.1.2] AndroidManifest.xml:26:22-85
22    <uses-permission android:name="android.permission.ACCESS_ADSERVICES_AD_ID" />
22-->[com.google.android.gms:play-services-measurement-api:22.1.2] AndroidManifest.xml:27:5-82
22-->[com.google.android.gms:play-services-measurement-api:22.1.2] AndroidManifest.xml:27:22-79
23
24    <uses-feature
24-->[com.google.android.gms:play-services-maps:19.0.0] AndroidManifest.xml:26:5-28:35
25        android:glEsVersion="0x00020000"
25-->[com.google.android.gms:play-services-maps:19.0.0] AndroidManifest.xml:27:9-41
26        android:required="true" />
26-->[com.google.android.gms:play-services-maps:19.0.0] AndroidManifest.xml:28:9-32
27
28    <queries>
28-->[com.google.android.gms:play-services-maps:19.0.0] AndroidManifest.xml:30:5-34:15
29
30        <!-- Needs to be explicitly declared on Android R+ -->
31        <package android:name="com.google.android.apps.maps" />
31-->[com.google.android.gms:play-services-maps:19.0.0] AndroidManifest.xml:33:9-64
31-->[com.google.android.gms:play-services-maps:19.0.0] AndroidManifest.xml:33:18-61
32    </queries>
33
34    <uses-permission android:name="com.google.android.finsky.permission.BIND_GET_INSTALL_REFERRER_SERVICE" />
34-->[com.google.android.gms:play-services-measurement:22.1.2] AndroidManifest.xml:26:5-110
34-->[com.google.android.gms:play-services-measurement:22.1.2] AndroidManifest.xml:26:22-107
35
36    <permission
36-->[androidx.core:core:1.15.0] AndroidManifest.xml:22:5-24:47
37        android:name="com.example.locationtracker.DYNAMIC_RECEIVER_NOT_EXPORTED_PERMISSION"
37-->[androidx.core:core:1.15.0] AndroidManifest.xml:23:9-81
38        android:protectionLevel="signature" />
38-->[androidx.core:core:1.15.0] AndroidManifest.xml:24:9-44
39
40    <uses-permission android:name="com.example.locationtracker.DYNAMIC_RECEIVER_NOT_EXPORTED_PERMISSION" />
40-->[androidx.core:core:1.15.0] AndroidManifest.xml:26:5-97
40-->[androidx.core:core:1.15.0] AndroidManifest.xml:26:22-94
41
42    <application
42-->src\main\AndroidManifest.xml:13:5-84:19
43        android:allowBackup="true"
43-->src\main\AndroidManifest.xml:14:9-35
44        android:appComponentFactory="androidx.core.app.CoreComponentFactory"
44-->[androidx.core:core:1.15.0] AndroidManifest.xml:28:18-86
45        android:dataExtractionRules="@xml/data_extraction_rules"
45-->src\main\AndroidManifest.xml:15:9-65
46        android:debuggable="true"
47        android:extractNativeLibs="false"
48        android:fullBackupContent="@xml/backup_rules"
48-->src\main\AndroidManifest.xml:16:9-54
49        android:icon="@mipmap/ic_launcher"
49-->src\main\AndroidManifest.xml:17:9-43
50        android:label="@string/app_name"
50-->src\main\AndroidManifest.xml:18:9-41
51        android:roundIcon="@mipmap/ic_launcher_round"
51-->src\main\AndroidManifest.xml:19:9-54
52        android:supportsRtl="true"
52-->src\main\AndroidManifest.xml:20:9-35
53        android:testOnly="true"
54        android:theme="@style/Theme.LocationTracker" >
54-->src\main\AndroidManifest.xml:21:9-53
55        <activity
55-->src\main\AndroidManifest.xml:23:9-25:40
56            android:name="com.example.locationtracker.screens.ShowDeviceDetailActivity"
56-->src\main\AndroidManifest.xml:24:13-61
57            android:exported="false" />
57-->src\main\AndroidManifest.xml:25:13-37
58        <activity
58-->src\main\AndroidManifest.xml:26:9-34:20
59            android:name="com.example.locationtracker.screens.SplashActivity"
59-->src\main\AndroidManifest.xml:27:13-51
60            android:exported="true" >
60-->src\main\AndroidManifest.xml:28:13-36
61            <intent-filter>
61-->src\main\AndroidManifest.xml:29:13-33:29
62                <action android:name="android.intent.action.MAIN" />
62-->src\main\AndroidManifest.xml:30:17-69
62-->src\main\AndroidManifest.xml:30:25-66
63
64                <category android:name="android.intent.category.LAUNCHER" />
64-->src\main\AndroidManifest.xml:32:17-77
64-->src\main\AndroidManifest.xml:32:27-74
65            </intent-filter>
66        </activity>
67        <activity
67-->src\main\AndroidManifest.xml:35:9-37:40
68            android:name="com.example.locationtracker.screens.PrivacyPolicyActivity"
68-->src\main\AndroidManifest.xml:36:13-58
69            android:exported="false" />
69-->src\main\AndroidManifest.xml:37:13-37
70        <activity
70-->src\main\AndroidManifest.xml:38:9-48:20
71            android:name="com.example.locationtracker.HomeActivity"
71-->src\main\AndroidManifest.xml:39:13-41
72            android:exported="true" >
72-->src\main\AndroidManifest.xml:40:13-36
73
74            <!-- <intent-filter> -->
75            <!-- <action android:name="android.intent.action.MAIN" /> -->
76
77
78            <!-- <category android:name="android.intent.category.LAUNCHER" /> -->
79            <!-- </intent-filter> -->
80        </activity>
81        <activity
81-->src\main\AndroidManifest.xml:49:9-51:40
82            android:name="com.example.locationtracker.GetStartActivity"
82-->src\main\AndroidManifest.xml:50:13-45
83            android:exported="false" />
83-->src\main\AndroidManifest.xml:51:13-37
84        <activity
84-->src\main\AndroidManifest.xml:52:9-54:40
85            android:name="com.example.locationtracker.PermissionActivity"
85-->src\main\AndroidManifest.xml:53:13-47
86            android:exported="false" />
86-->src\main\AndroidManifest.xml:54:13-37
87        <activity
87-->src\main\AndroidManifest.xml:55:9-65:20
88            android:name="com.example.locationtracker.DeviceNameActivity"
88-->src\main\AndroidManifest.xml:56:13-47
89            android:exported="true" >
89-->src\main\AndroidManifest.xml:57:13-36
90
91            <!-- <intent-filter> -->
92            <!-- <action android:name="android.intent.action.MAIN" /> -->
93
94
95            <!-- <category android:name="android.intent.category.LAUNCHER" /> -->
96            <!-- </intent-filter> -->
97        </activity>
98        <activity
98-->src\main\AndroidManifest.xml:66:9-68:39
99            android:name="com.example.locationtracker.MainActivity"
99-->src\main\AndroidManifest.xml:67:13-41
100            android:exported="true" />
100-->src\main\AndroidManifest.xml:68:13-36
101
102        <receiver
102-->src\main\AndroidManifest.xml:70:9-79:20
103            android:name="com.example.locationtracker.ConnectivityReceiver"
103-->src\main\AndroidManifest.xml:71:13-49
104            android:enabled="true"
104-->src\main\AndroidManifest.xml:72:13-35
105            android:exported="false" >
105-->src\main\AndroidManifest.xml:73:13-37
106            <intent-filter>
106-->src\main\AndroidManifest.xml:74:13-78:29
107                <action android:name="android.net.conn.CONNECTIVITY_CHANGE" />
107-->src\main\AndroidManifest.xml:75:17-77:50
107-->src\main\AndroidManifest.xml:76:21-72
108            </intent-filter>
109        </receiver>
110
111        <meta-data
111-->src\main\AndroidManifest.xml:81:9-83:71
112            android:name="com.google.android.geo.API_KEY"
112-->src\main\AndroidManifest.xml:82:13-58
113            android:value="AIzaSyC4TqWs-4yH_Wd7ghi4C63iRzEpswPNo-s" />
113-->src\main\AndroidManifest.xml:83:13-68
114
115        <activity
115-->[com.google.firebase:firebase-auth:23.1.0] AndroidManifest.xml:29:9-46:20
116            android:name="com.google.firebase.auth.internal.GenericIdpActivity"
116-->[com.google.firebase:firebase-auth:23.1.0] AndroidManifest.xml:30:13-80
117            android:excludeFromRecents="true"
117-->[com.google.firebase:firebase-auth:23.1.0] AndroidManifest.xml:31:13-46
118            android:exported="true"
118-->[com.google.firebase:firebase-auth:23.1.0] AndroidManifest.xml:32:13-36
119            android:launchMode="singleTask"
119-->[com.google.firebase:firebase-auth:23.1.0] AndroidManifest.xml:33:13-44
120            android:theme="@android:style/Theme.Translucent.NoTitleBar" >
120-->[com.google.firebase:firebase-auth:23.1.0] AndroidManifest.xml:34:13-72
121            <intent-filter>
121-->[com.google.firebase:firebase-auth:23.1.0] AndroidManifest.xml:35:13-45:29
122                <action android:name="android.intent.action.VIEW" />
122-->[com.google.firebase:firebase-auth:23.1.0] AndroidManifest.xml:36:17-69
122-->[com.google.firebase:firebase-auth:23.1.0] AndroidManifest.xml:36:25-66
123
124                <category android:name="android.intent.category.DEFAULT" />
124-->[com.google.firebase:firebase-auth:23.1.0] AndroidManifest.xml:38:17-76
124-->[com.google.firebase:firebase-auth:23.1.0] AndroidManifest.xml:38:27-73
125                <category android:name="android.intent.category.BROWSABLE" />
125-->[com.google.firebase:firebase-auth:23.1.0] AndroidManifest.xml:39:17-78
125-->[com.google.firebase:firebase-auth:23.1.0] AndroidManifest.xml:39:27-75
126
127                <data
127-->[com.google.firebase:firebase-auth:23.1.0] AndroidManifest.xml:41:17-44:51
128                    android:host="firebase.auth"
128-->[com.google.firebase:firebase-auth:23.1.0] AndroidManifest.xml:42:21-49
129                    android:path="/"
129-->[com.google.firebase:firebase-auth:23.1.0] AndroidManifest.xml:43:21-37
130                    android:scheme="genericidp" />
130-->[com.google.firebase:firebase-auth:23.1.0] AndroidManifest.xml:44:21-48
131            </intent-filter>
132        </activity>
133        <activity
133-->[com.google.firebase:firebase-auth:23.1.0] AndroidManifest.xml:47:9-64:20
134            android:name="com.google.firebase.auth.internal.RecaptchaActivity"
134-->[com.google.firebase:firebase-auth:23.1.0] AndroidManifest.xml:48:13-79
135            android:excludeFromRecents="true"
135-->[com.google.firebase:firebase-auth:23.1.0] AndroidManifest.xml:49:13-46
136            android:exported="true"
136-->[com.google.firebase:firebase-auth:23.1.0] AndroidManifest.xml:50:13-36
137            android:launchMode="singleTask"
137-->[com.google.firebase:firebase-auth:23.1.0] AndroidManifest.xml:51:13-44
138            android:theme="@android:style/Theme.Translucent.NoTitleBar" >
138-->[com.google.firebase:firebase-auth:23.1.0] AndroidManifest.xml:52:13-72
139            <intent-filter>
139-->[com.google.firebase:firebase-auth:23.1.0] AndroidManifest.xml:53:13-63:29
140                <action android:name="android.intent.action.VIEW" />
140-->[com.google.firebase:firebase-auth:23.1.0] AndroidManifest.xml:36:17-69
140-->[com.google.firebase:firebase-auth:23.1.0] AndroidManifest.xml:36:25-66
141
142                <category android:name="android.intent.category.DEFAULT" />
142-->[com.google.firebase:firebase-auth:23.1.0] AndroidManifest.xml:38:17-76
142-->[com.google.firebase:firebase-auth:23.1.0] AndroidManifest.xml:38:27-73
143                <category android:name="android.intent.category.BROWSABLE" />
143-->[com.google.firebase:firebase-auth:23.1.0] AndroidManifest.xml:39:17-78
143-->[com.google.firebase:firebase-auth:23.1.0] AndroidManifest.xml:39:27-75
144
145                <data
145-->[com.google.firebase:firebase-auth:23.1.0] AndroidManifest.xml:41:17-44:51
146                    android:host="firebase.auth"
146-->[com.google.firebase:firebase-auth:23.1.0] AndroidManifest.xml:42:21-49
147                    android:path="/"
147-->[com.google.firebase:firebase-auth:23.1.0] AndroidManifest.xml:43:21-37
148                    android:scheme="recaptcha" />
148-->[com.google.firebase:firebase-auth:23.1.0] AndroidManifest.xml:44:21-48
149            </intent-filter>
150        </activity>
151
152        <service
152-->[com.google.firebase:firebase-auth:23.1.0] AndroidManifest.xml:66:9-72:19
153            android:name="com.google.firebase.components.ComponentDiscoveryService"
153-->[com.google.firebase:firebase-auth:23.1.0] AndroidManifest.xml:67:13-84
154            android:directBootAware="true"
154-->[com.google.firebase:firebase-common:21.0.0] AndroidManifest.xml:32:13-43
155            android:exported="false" >
155-->[com.google.firebase:firebase-auth:23.1.0] AndroidManifest.xml:68:13-37
156            <meta-data
156-->[com.google.firebase:firebase-auth:23.1.0] AndroidManifest.xml:69:13-71:85
157                android:name="com.google.firebase.components:com.google.firebase.auth.FirebaseAuthRegistrar"
157-->[com.google.firebase:firebase-auth:23.1.0] AndroidManifest.xml:70:17-109
158                android:value="com.google.firebase.components.ComponentRegistrar" />
158-->[com.google.firebase:firebase-auth:23.1.0] AndroidManifest.xml:71:17-82
159            <meta-data
159-->[com.google.firebase:firebase-database:21.0.0] AndroidManifest.xml:29:13-31:85
160                android:name="com.google.firebase.components:com.google.firebase.database.FirebaseDatabaseKtxRegistrar"
160-->[com.google.firebase:firebase-database:21.0.0] AndroidManifest.xml:30:17-120
161                android:value="com.google.firebase.components.ComponentRegistrar" />
161-->[com.google.firebase:firebase-database:21.0.0] AndroidManifest.xml:31:17-82
162            <meta-data
162-->[com.google.firebase:firebase-database:21.0.0] AndroidManifest.xml:32:13-34:85
163                android:name="com.google.firebase.components:com.google.firebase.database.DatabaseRegistrar"
163-->[com.google.firebase:firebase-database:21.0.0] AndroidManifest.xml:33:17-109
164                android:value="com.google.firebase.components.ComponentRegistrar" />
164-->[com.google.firebase:firebase-database:21.0.0] AndroidManifest.xml:34:17-82
165            <meta-data
165-->[com.google.firebase:firebase-dynamic-links:22.1.0] AndroidManifest.xml:24:13-26:85
166                android:name="com.google.firebase.components:com.google.firebase.dynamiclinks.FirebaseDynamicLinksKtxRegistrar"
166-->[com.google.firebase:firebase-dynamic-links:22.1.0] AndroidManifest.xml:25:17-128
167                android:value="com.google.firebase.components.ComponentRegistrar" />
167-->[com.google.firebase:firebase-dynamic-links:22.1.0] AndroidManifest.xml:26:17-82
168            <meta-data
168-->[com.google.firebase:firebase-dynamic-links:22.1.0] AndroidManifest.xml:27:13-29:85
169                android:name="com.google.firebase.components:com.google.firebase.dynamiclinks.internal.FirebaseDynamicLinkRegistrar"
169-->[com.google.firebase:firebase-dynamic-links:22.1.0] AndroidManifest.xml:28:17-133
170                android:value="com.google.firebase.components.ComponentRegistrar" />
170-->[com.google.firebase:firebase-dynamic-links:22.1.0] AndroidManifest.xml:29:17-82
171            <meta-data
171-->[com.google.android.gms:play-services-measurement-api:22.1.2] AndroidManifest.xml:37:13-39:85
172                android:name="com.google.firebase.components:com.google.firebase.analytics.connector.internal.AnalyticsConnectorRegistrar"
172-->[com.google.android.gms:play-services-measurement-api:22.1.2] AndroidManifest.xml:38:17-139
173                android:value="com.google.firebase.components.ComponentRegistrar" />
173-->[com.google.android.gms:play-services-measurement-api:22.1.2] AndroidManifest.xml:39:17-82
174            <meta-data
174-->[com.google.firebase:firebase-installations:18.0.0] AndroidManifest.xml:15:13-17:85
175                android:name="com.google.firebase.components:com.google.firebase.installations.FirebaseInstallationsKtxRegistrar"
175-->[com.google.firebase:firebase-installations:18.0.0] AndroidManifest.xml:16:17-130
176                android:value="com.google.firebase.components.ComponentRegistrar" />
176-->[com.google.firebase:firebase-installations:18.0.0] AndroidManifest.xml:17:17-82
177            <meta-data
177-->[com.google.firebase:firebase-installations:18.0.0] AndroidManifest.xml:18:13-20:85
178                android:name="com.google.firebase.components:com.google.firebase.installations.FirebaseInstallationsRegistrar"
178-->[com.google.firebase:firebase-installations:18.0.0] AndroidManifest.xml:19:17-127
179                android:value="com.google.firebase.components.ComponentRegistrar" />
179-->[com.google.firebase:firebase-installations:18.0.0] AndroidManifest.xml:20:17-82
180            <meta-data
180-->[com.google.firebase:firebase-common-ktx:21.0.0] AndroidManifest.xml:12:13-14:85
181                android:name="com.google.firebase.components:com.google.firebase.ktx.FirebaseCommonLegacyRegistrar"
181-->[com.google.firebase:firebase-common-ktx:21.0.0] AndroidManifest.xml:13:17-116
182                android:value="com.google.firebase.components.ComponentRegistrar" />
182-->[com.google.firebase:firebase-common-ktx:21.0.0] AndroidManifest.xml:14:17-82
183            <meta-data
183-->[com.google.firebase:firebase-common:21.0.0] AndroidManifest.xml:35:13-37:85
184                android:name="com.google.firebase.components:com.google.firebase.FirebaseCommonKtxRegistrar"
184-->[com.google.firebase:firebase-common:21.0.0] AndroidManifest.xml:36:17-109
185                android:value="com.google.firebase.components.ComponentRegistrar" />
185-->[com.google.firebase:firebase-common:21.0.0] AndroidManifest.xml:37:17-82
186        </service>
187
188        <property
188-->[com.google.android.gms:play-services-measurement-api:22.1.2] AndroidManifest.xml:30:9-32:61
189            android:name="android.adservices.AD_SERVICES_CONFIG"
189-->[com.google.android.gms:play-services-measurement-api:22.1.2] AndroidManifest.xml:31:13-65
190            android:resource="@xml/ga_ad_services_config" />
190-->[com.google.android.gms:play-services-measurement-api:22.1.2] AndroidManifest.xml:32:13-58
191
192        <provider
192-->[com.google.firebase:firebase-common:21.0.0] AndroidManifest.xml:23:9-28:39
193            android:name="com.google.firebase.provider.FirebaseInitProvider"
193-->[com.google.firebase:firebase-common:21.0.0] AndroidManifest.xml:24:13-77
194            android:authorities="com.example.locationtracker.firebaseinitprovider"
194-->[com.google.firebase:firebase-common:21.0.0] AndroidManifest.xml:25:13-72
195            android:directBootAware="true"
195-->[com.google.firebase:firebase-common:21.0.0] AndroidManifest.xml:26:13-43
196            android:exported="false"
196-->[com.google.firebase:firebase-common:21.0.0] AndroidManifest.xml:27:13-37
197            android:initOrder="100" />
197-->[com.google.firebase:firebase-common:21.0.0] AndroidManifest.xml:28:13-36
198
199        <service
199-->[androidx.credentials:credentials-play-services-auth:1.2.0-rc01] AndroidManifest.xml:24:9-32:19
200            android:name="androidx.credentials.playservices.CredentialProviderMetadataHolder"
200-->[androidx.credentials:credentials-play-services-auth:1.2.0-rc01] AndroidManifest.xml:25:13-94
201            android:enabled="true"
201-->[androidx.credentials:credentials-play-services-auth:1.2.0-rc01] AndroidManifest.xml:26:13-35
202            android:exported="false" >
202-->[androidx.credentials:credentials-play-services-auth:1.2.0-rc01] AndroidManifest.xml:27:13-37
203            <meta-data
203-->[androidx.credentials:credentials-play-services-auth:1.2.0-rc01] AndroidManifest.xml:29:13-31:104
204                android:name="androidx.credentials.CREDENTIAL_PROVIDER_KEY"
204-->[androidx.credentials:credentials-play-services-auth:1.2.0-rc01] AndroidManifest.xml:30:17-76
205                android:value="androidx.credentials.playservices.CredentialProviderPlayServicesImpl" />
205-->[androidx.credentials:credentials-play-services-auth:1.2.0-rc01] AndroidManifest.xml:31:17-101
206        </service>
207
208        <activity
208-->[androidx.credentials:credentials-play-services-auth:1.2.0-rc01] AndroidManifest.xml:34:9-41:20
209            android:name="androidx.credentials.playservices.HiddenActivity"
209-->[androidx.credentials:credentials-play-services-auth:1.2.0-rc01] AndroidManifest.xml:35:13-76
210            android:configChanges="orientation|screenSize|screenLayout|keyboardHidden"
210-->[androidx.credentials:credentials-play-services-auth:1.2.0-rc01] AndroidManifest.xml:36:13-87
211            android:enabled="true"
211-->[androidx.credentials:credentials-play-services-auth:1.2.0-rc01] AndroidManifest.xml:37:13-35
212            android:exported="false"
212-->[androidx.credentials:credentials-play-services-auth:1.2.0-rc01] AndroidManifest.xml:38:13-37
213            android:fitsSystemWindows="true"
213-->[androidx.credentials:credentials-play-services-auth:1.2.0-rc01] AndroidManifest.xml:39:13-45
214            android:theme="@style/Theme.Hidden" >
214-->[androidx.credentials:credentials-play-services-auth:1.2.0-rc01] AndroidManifest.xml:40:13-48
215        </activity> <!-- Needs to be explicitly declared on P+ -->
216        <uses-library
216-->[com.google.android.gms:play-services-maps:19.0.0] AndroidManifest.xml:39:9-41:40
217            android:name="org.apache.http.legacy"
217-->[com.google.android.gms:play-services-maps:19.0.0] AndroidManifest.xml:40:13-50
218            android:required="false" />
218-->[com.google.android.gms:play-services-maps:19.0.0] AndroidManifest.xml:41:13-37
219
220        <activity
220-->[com.google.android.gms:play-services-auth:20.7.0] AndroidManifest.xml:23:9-27:75
221            android:name="com.google.android.gms.auth.api.signin.internal.SignInHubActivity"
221-->[com.google.android.gms:play-services-auth:20.7.0] AndroidManifest.xml:24:13-93
222            android:excludeFromRecents="true"
222-->[com.google.android.gms:play-services-auth:20.7.0] AndroidManifest.xml:25:13-46
223            android:exported="false"
223-->[com.google.android.gms:play-services-auth:20.7.0] AndroidManifest.xml:26:13-37
224            android:theme="@android:style/Theme.Translucent.NoTitleBar" />
224-->[com.google.android.gms:play-services-auth:20.7.0] AndroidManifest.xml:27:13-72
225        <!--
226            Service handling Google Sign-In user revocation. For apps that do not integrate with
227            Google Sign-In, this service will never be started.
228        -->
229        <service
229-->[com.google.android.gms:play-services-auth:20.7.0] AndroidManifest.xml:33:9-37:51
230            android:name="com.google.android.gms.auth.api.signin.RevocationBoundService"
230-->[com.google.android.gms:play-services-auth:20.7.0] AndroidManifest.xml:34:13-89
231            android:exported="true"
231-->[com.google.android.gms:play-services-auth:20.7.0] AndroidManifest.xml:35:13-36
232            android:permission="com.google.android.gms.auth.api.signin.permission.REVOCATION_NOTIFICATION"
232-->[com.google.android.gms:play-services-auth:20.7.0] AndroidManifest.xml:36:13-107
233            android:visibleToInstantApps="true" />
233-->[com.google.android.gms:play-services-auth:20.7.0] AndroidManifest.xml:37:13-48
234
235        <receiver
235-->[com.google.android.gms:play-services-measurement:22.1.2] AndroidManifest.xml:29:9-33:20
236            android:name="com.google.android.gms.measurement.AppMeasurementReceiver"
236-->[com.google.android.gms:play-services-measurement:22.1.2] AndroidManifest.xml:30:13-85
237            android:enabled="true"
237-->[com.google.android.gms:play-services-measurement:22.1.2] AndroidManifest.xml:31:13-35
238            android:exported="false" >
238-->[com.google.android.gms:play-services-measurement:22.1.2] AndroidManifest.xml:32:13-37
239        </receiver>
240
241        <service
241-->[com.google.android.gms:play-services-measurement:22.1.2] AndroidManifest.xml:35:9-38:40
242            android:name="com.google.android.gms.measurement.AppMeasurementService"
242-->[com.google.android.gms:play-services-measurement:22.1.2] AndroidManifest.xml:36:13-84
243            android:enabled="true"
243-->[com.google.android.gms:play-services-measurement:22.1.2] AndroidManifest.xml:37:13-35
244            android:exported="false" />
244-->[com.google.android.gms:play-services-measurement:22.1.2] AndroidManifest.xml:38:13-37
245        <service
245-->[com.google.android.gms:play-services-measurement:22.1.2] AndroidManifest.xml:39:9-43:72
246            android:name="com.google.android.gms.measurement.AppMeasurementJobService"
246-->[com.google.android.gms:play-services-measurement:22.1.2] AndroidManifest.xml:40:13-87
247            android:enabled="true"
247-->[com.google.android.gms:play-services-measurement:22.1.2] AndroidManifest.xml:41:13-35
248            android:exported="false"
248-->[com.google.android.gms:play-services-measurement:22.1.2] AndroidManifest.xml:42:13-37
249            android:permission="android.permission.BIND_JOB_SERVICE" />
249-->[com.google.android.gms:play-services-measurement:22.1.2] AndroidManifest.xml:43:13-69
250
251        <activity
251-->[com.google.android.gms:play-services-base:18.5.0] AndroidManifest.xml:5:9-173
252            android:name="com.google.android.gms.common.api.GoogleApiActivity"
252-->[com.google.android.gms:play-services-base:18.5.0] AndroidManifest.xml:5:19-85
253            android:exported="false"
253-->[com.google.android.gms:play-services-base:18.5.0] AndroidManifest.xml:5:146-170
254            android:theme="@android:style/Theme.Translucent.NoTitleBar" />
254-->[com.google.android.gms:play-services-base:18.5.0] AndroidManifest.xml:5:86-145
255
256        <meta-data
256-->[com.google.android.gms:play-services-basement:18.4.0] AndroidManifest.xml:6:9-122
257            android:name="com.google.android.gms.version"
257-->[com.google.android.gms:play-services-basement:18.4.0] AndroidManifest.xml:6:20-65
258            android:value="@integer/google_play_services_version" />
258-->[com.google.android.gms:play-services-basement:18.4.0] AndroidManifest.xml:6:66-119
259
260        <provider
260-->[androidx.emoji2:emoji2:1.3.0] AndroidManifest.xml:24:9-32:20
261            android:name="androidx.startup.InitializationProvider"
261-->[androidx.emoji2:emoji2:1.3.0] AndroidManifest.xml:25:13-67
262            android:authorities="com.example.locationtracker.androidx-startup"
262-->[androidx.emoji2:emoji2:1.3.0] AndroidManifest.xml:26:13-68
263            android:exported="false" >
263-->[androidx.emoji2:emoji2:1.3.0] AndroidManifest.xml:27:13-37
264            <meta-data
264-->[androidx.emoji2:emoji2:1.3.0] AndroidManifest.xml:29:13-31:52
265                android:name="androidx.emoji2.text.EmojiCompatInitializer"
265-->[androidx.emoji2:emoji2:1.3.0] AndroidManifest.xml:30:17-75
266                android:value="androidx.startup" />
266-->[androidx.emoji2:emoji2:1.3.0] AndroidManifest.xml:31:17-49
267            <meta-data
267-->[androidx.lifecycle:lifecycle-process:2.8.3] AndroidManifest.xml:29:13-31:52
268                android:name="androidx.lifecycle.ProcessLifecycleInitializer"
268-->[androidx.lifecycle:lifecycle-process:2.8.3] AndroidManifest.xml:30:17-78
269                android:value="androidx.startup" />
269-->[androidx.lifecycle:lifecycle-process:2.8.3] AndroidManifest.xml:31:17-49
270            <meta-data
270-->[androidx.profileinstaller:profileinstaller:1.4.0] AndroidManifest.xml:29:13-31:52
271                android:name="androidx.profileinstaller.ProfileInstallerInitializer"
271-->[androidx.profileinstaller:profileinstaller:1.4.0] AndroidManifest.xml:30:17-85
272                android:value="androidx.startup" />
272-->[androidx.profileinstaller:profileinstaller:1.4.0] AndroidManifest.xml:31:17-49
273        </provider>
274
275        <uses-library
275-->[androidx.privacysandbox.ads:ads-adservices:1.0.0-beta05] AndroidManifest.xml:23:9-25:40
276            android:name="android.ext.adservices"
276-->[androidx.privacysandbox.ads:ads-adservices:1.0.0-beta05] AndroidManifest.xml:24:13-50
277            android:required="false" />